2018-04-08 20:40:28,562 INFO o.a.j.u.JMeterUtils: Setting Locale to en_EN
2018-04-08 20:40:28,607 INFO o.a.j.JMeter: Loading user properties from: user.properties
2018-04-08 20:40:28,608 INFO o.a.j.JMeter: Loading system properties from: system.properties
2018-04-08 20:40:28,641 INFO o.a.j.JMeter: Copyright (c) 1998-2018 The Apache Software Foundation
2018-04-08 20:40:28,642 INFO o.a.j.JMeter: Version 4.0 r1823414
2018-04-08 20:40:28,642 INFO o.a.j.JMeter: java.version=1.8.0_161
2018-04-08 20:40:28,642 INFO o.a.j.JMeter: java.vm.name=Java HotSpot(TM) 64-Bit Server VM
2018-04-08 20:40:28,642 INFO o.a.j.JMeter: os.name=Linux
2018-04-08 20:40:28,642 INFO o.a.j.JMeter: os.arch=amd64
2018-04-08 20:40:28,643 INFO o.a.j.JMeter: os.version=4.13.0-38-generic
2018-04-08 20:40:28,643 INFO o.a.j.JMeter: file.encoding=UTF-8
2018-04-08 20:40:28,644 INFO o.a.j.JMeter: Max memory     =1073741824
2018-04-08 20:40:28,644 INFO o.a.j.JMeter: Available Processors =2
2018-04-08 20:40:28,657 INFO o.a.j.JMeter: Default Locale=English (EN)
2018-04-08 20:40:28,659 INFO o.a.j.JMeter: JMeter  Locale=English (EN)
2018-04-08 20:40:28,659 INFO o.a.j.JMeter: JMeterHome=/home/sop/SOP/jmeter
2018-04-08 20:40:28,659 INFO o.a.j.JMeter: user.dir  =/home/sop/SOP/jmeter/bin
2018-04-08 20:40:28,659 INFO o.a.j.JMeter: PWD       =/home/sop/SOP/jmeter/bin
2018-04-08 20:40:28,660 INFO o.a.j.JMeter: IP: 127.0.1.1 Name: sop-VirtualBox FullName: sop-VirtualBox
2018-04-08 20:40:29,802 INFO o.a.j.g.a.LookAndFeelCommand: Installing Darcula LAF
2018-04-08 20:40:29,981 INFO o.a.j.g.a.LookAndFeelCommand: Using look and feel: com.bulenkov.darcula.DarculaLaf [Darcula]
2018-04-08 20:40:29,983 INFO o.a.j.JMeter: Setting LAF to: com.bulenkov.darcula.DarculaLaf
2018-04-08 20:40:30,149 INFO o.a.j.JMeter: Loaded icon properties from org/apache/jmeter/images/icon.properties
2018-04-08 20:40:31,366 INFO o.a.j.e.u.CompoundVariable: Note: Function class names must contain the string: '.functions.'
2018-04-08 20:40:31,367 INFO o.a.j.e.u.CompoundVariable: Note: Function class names must not contain the string: '.gui.'
2018-04-08 20:40:35,197 INFO o.a.j.p.h.s.HTTPSamplerBase: Parser for text/html is org.apache.jmeter.protocol.http.parser.LagartoBasedHtmlParser
2018-04-08 20:40:35,199 INFO o.a.j.p.h.s.HTTPSamplerBase: Parser for application/xhtml+xml is org.apache.jmeter.protocol.http.parser.LagartoBasedHtmlParser
2018-04-08 20:40:35,199 INFO o.a.j.p.h.s.HTTPSamplerBase: Parser for application/xml is org.apache.jmeter.protocol.http.parser.LagartoBasedHtmlParser
2018-04-08 20:40:35,200 INFO o.a.j.p.h.s.HTTPSamplerBase: Parser for text/xml is org.apache.jmeter.protocol.http.parser.LagartoBasedHtmlParser
2018-04-08 20:40:35,200 INFO o.a.j.p.h.s.HTTPSamplerBase: Parser for text/vnd.wap.wml is org.apache.jmeter.protocol.http.parser.RegexpHTMLParser
2018-04-08 20:40:35,200 INFO o.a.j.p.h.s.HTTPSamplerBase: Parser for text/css is org.apache.jmeter.protocol.http.parser.CssParser
2018-04-08 20:40:36,592 INFO o.a.j.e.KeyToolUtils: keytool found at 'keytool'
2018-04-08 20:40:36,592 INFO o.a.j.p.h.p.ProxyControl: HTTP(S) Test Script Recorder SSL Proxy will use keys that support embedded 3rd party resources in file /home/sop/SOP/jmeter/bin/proxyserver.jks
2018-04-08 20:40:36,845 INFO o.a.j.s.FileServer: Default base='/home/sop/SOP/jmeter/bin'
2018-04-08 20:40:37,382 INFO o.a.j.s.SampleResult: Note: Sample TimeStamps are START times
2018-04-08 20:40:37,383 INFO o.a.j.s.SampleResult: sampleresult.default.encoding is set to ISO-8859-1
2018-04-08 20:40:37,383 INFO o.a.j.s.SampleResult: sampleresult.useNanoTime=true
2018-04-08 20:40:37,383 INFO o.a.j.s.SampleResult: sampleresult.nanoThreadSleep=5000
2018-04-08 20:40:49,991 INFO o.a.j.g.a.Load: Loading file: /home/sop/SOP/jmeter/bin/examples/jmeter-sop-test.jmx
2018-04-08 20:40:49,992 INFO o.a.j.s.FileServer: Set new base='/home/sop/SOP/jmeter/bin/examples'
2018-04-08 20:40:50,340 INFO o.a.j.s.SaveService: Testplan (JMX) version: 2.2. Testlog (JTL) version: 2.2
2018-04-08 20:40:50,390 INFO o.a.j.s.SaveService: Using SaveService properties file encoding UTF-8
2018-04-08 20:40:50,392 INFO o.a.j.s.SaveService: Using SaveService properties version 4.0
2018-04-08 20:40:50,402 INFO o.a.j.s.SaveService: Loading file: /home/sop/SOP/jmeter/bin/examples/jmeter-sop-test.jmx
2018-04-08 20:40:50,571 INFO o.a.j.s.FileServer: Set new base='/home/sop/SOP/jmeter/bin/examples'
